<?xml version="1.0" encoding="UTF-8"?>
<testsuite name="com.game.housie.HousieApplicationTests" tests="1" skipped="0" failures="0" errors="0" timestamp="2019-02-08T08:28:03" hostname="ATLANTISPC-1149" time="0.001">
  <properties/>
  <testcase name="contextLoads" classname="com.game.housie.HousieApplicationTests" time="0.001"/>
  <system-out><![CDATA[]]></system-out>
  <system-err><![CDATA[]]></system-err>
</testsuite>
